[2026-02-27T17:42:15.234+0000] {local_task_job_runner.py:120} INFO - ::group::Pre task execution logs
[2026-02-27T17:42:15.566+0000] {taskinstance.py:2076} INFO - Dependencies all met for dep_context=non-requeueable deps ti=<TaskInstance: dag_film_digest.extract manual__2026-02-27T17:42:12.159774+00:00 [queued]>
[2026-02-27T17:42:15.582+0000] {taskinstance.py:2076} INFO - Dependencies all met for dep_context=requeueable deps ti=<TaskInstance: dag_film_digest.extract manual__2026-02-27T17:42:12.159774+00:00 [queued]>
[2026-02-27T17:42:15.583+0000] {taskinstance.py:2306} INFO - Starting attempt 1 of 1
[2026-02-27T17:42:15.605+0000] {taskinstance.py:2330} INFO - Executing <Task(_PythonDecoratedOperator): extract> on 2026-02-27 17:42:12.159774+00:00
[2026-02-27T17:42:15.632+0000] {logging_mixin.py:188} WARNING - /home/***/.local/lib/python3.12/site-packages/***/task/task_runner/standard_task_runner.py:62 DeprecationWarning: This process (pid=184) is multi-threaded, use of fork() may lead to deadlocks in the child.
[2026-02-27T17:42:15.634+0000] {standard_task_runner.py:64} INFO - Started process 185 to run task
[2026-02-27T17:42:15.630+0000] {standard_task_runner.py:90} INFO - Running: ['***', 'tasks', 'run', 'dag_film_digest', 'extract', 'manual__2026-02-27T17:42:12.159774+00:00', '--job-id', '2', '--raw', '--subdir', 'DAGS_FOLDER/dag_film_digest.py', '--cfg-path', '/tmp/tmpbg5up58s']
[2026-02-27T17:42:15.640+0000] {standard_task_runner.py:91} INFO - Job 2: Subtask extract
[2026-02-27T17:42:15.833+0000] {task_command.py:426} INFO - Running <TaskInstance: dag_film_digest.extract manual__2026-02-27T17:42:12.159774+00:00 [running]> on host ef3734500489
[2026-02-27T17:42:16.250+0000] {taskinstance.py:2648} INFO - Exporting env vars: AIRFLOW_CTX_DAG_OWNER='***' AIRFLOW_CTX_DAG_ID='dag_film_digest' AIRFLOW_CTX_TASK_ID='extract' AIRFLOW_CTX_EXECUTION_DATE='2026-02-27T17:42:12.159774+00:00' AIRFLOW_CTX_TRY_NUMBER='1' AIRFLOW_CTX_DAG_RUN_ID='manual__2026-02-27T17:42:12.159774+00:00'
[2026-02-27T17:42:16.252+0000] {taskinstance.py:430} INFO - ::endgroup::
[2026-02-27T17:42:20.064+0000] {taskinstance.py:441} INFO - ::group::Post task execution logs
[2026-02-27T17:42:20.066+0000] {taskinstance.py:2905} ERROR - Task failed with exception
Traceback (most recent call last):
  File "/home/airflow/.local/lib/python3.12/site-packages/airflow/models/taskinstance.py", line 465, in _execute_task
    result = _execute_callable(context=context, **execute_callable_kwargs)
             ^^^^^^^^^^^^^^^^^^^^^^^^^^^^^^^^^^^^^^^^^^^^^^^^^^^^^^^^^^^^^
  File "/home/airflow/.local/lib/python3.12/site-packages/airflow/models/taskinstance.py", line 432, in _execute_callable
    return execute_callable(context=context, **execute_callable_kwargs)
           ^^^^^^^^^^^^^^^^^^^^^^^^^^^^^^^^^^^^^^^^^^^^^^^^^^^^^^^^^^^^
  File "/home/airflow/.local/lib/python3.12/site-packages/airflow/models/baseoperator.py", line 401, in wrapper
    return func(self, *args, **kwargs)
           ^^^^^^^^^^^^^^^^^^^^^^^^^^^
  File "/home/airflow/.local/lib/python3.12/site-packages/airflow/decorators/base.py", line 265, in execute
    return_value = super().execute(context)
                   ^^^^^^^^^^^^^^^^^^^^^^^^
  File "/home/airflow/.local/lib/python3.12/site-packages/airflow/models/baseoperator.py", line 401, in wrapper
    return func(self, *args, **kwargs)
           ^^^^^^^^^^^^^^^^^^^^^^^^^^^
  File "/home/airflow/.local/lib/python3.12/site-packages/airflow/operators/python.py", line 235, in execute
    return_value = self.execute_callable()
                   ^^^^^^^^^^^^^^^^^^^^^^^
  File "/home/airflow/.local/lib/python3.12/site-packages/airflow/operators/python.py", line 252, in execute_callable
    return self.python_callable(*self.op_args, **self.op_kwargs)
           ^^^^^^^^^^^^^^^^^^^^^^^^^^^^^^^^^^^^^^^^^^^^^^^^^^^^^
  File "/opt/airflow/dags/dag_film_digest.py", line 37, in extract
    extract_film_data(urls)
  File "/opt/airflow/src/extract_data_films.py", line 27, in extract_film_data
    with open(raw_data_path, 'w') as f:
         ^^^^^^^^^^^^^^^^^^^^^^^^
FileNotFoundError: [Errno 2] No such file or directory: '../ETLlocal-films/data/raw/latest_films.json'
[2026-02-27T17:42:20.157+0000] {taskinstance.py:1206} INFO - Marking task as FAILED. dag_id=dag_film_digest, task_id=extract, run_id=manual__2026-02-27T17:42:12.159774+00:00, execution_date=20260227T174212, start_date=20260227T174215, end_date=20260227T174220
[2026-02-27T17:42:20.197+0000] {standard_task_runner.py:110} ERROR - Failed to execute job 2 for task extract ([Errno 2] No such file or directory: '../ETLlocal-films/data/raw/latest_films.json'; 185)
[2026-02-27T17:42:20.246+0000] {local_task_job_runner.py:243} INFO - Task exited with return code 1
[2026-02-27T17:42:20.326+0000] {taskinstance.py:3503} INFO - 0 downstream tasks scheduled from follow-on schedule check
[2026-02-27T17:42:20.339+0000] {local_task_job_runner.py:222} INFO - ::endgroup::
